<?xml version="1.0" encoding="UTF-8"?>
<testsuites name="Cypress E2E" time="5.686" tests="5" failures="0">
  <testsuite name="Root Suite" timestamp="2025-10-20T23:32:05" tests="0" file="cypress\e2e\devices.cy.ts" time="0.000" failures="0">
  </testsuite>
  <testsuite name="DevicesListPage" timestamp="2025-10-20T23:32:05" tests="5" time="5.653" failures="0">
    <testcase name="DevicesListPage [C0269] carga la página" time="1.636" classname="[C0269] carga la página">
    </testcase>
    <testcase name="DevicesListPage [C0270] lista/tabla presente (si existe)" time="0.934" classname="[C0270] lista/tabla presente (si existe)">
    </testcase>
    <testcase name="DevicesListPage [C0271] filtro por estado (si existe)" time="1.002" classname="[C0271] filtro por estado (si existe)">
    </testcase>
    <testcase name="DevicesListPage [C0272] edición (si hay acción)" time="0.901" classname="[C0272] edición (si hay acción)">
    </testcase>
    <testcase name="DevicesListPage [C0273] acciones masivas (si hay checkboxes)" time="0.843" classname="[C0273] acciones masivas (si hay checkboxes)">
    </testcase>
  </testsuite>
</testsuites>